  [1m[36m (1.2ms)[0m  [1mCREATE TABLE "schema_migrations" ("version" varchar NOT NULL) [0m
  [1m[35m (0.1ms)[0m  select sqlite_version(*)
  [1m[36m (1.1ms)[0m  [1mCREATE UNIQUE INDEX "unique_schema_migrations" ON "schema_migrations" ("version")[0m
  [1m[35mActiveRecord::SchemaMigration Load (0.1ms)[0m  SELECT "schema_migrations".* FROM "schema_migrations"
Migrating to CreateUsers (20160110061600)
  [1m[36m (0.2ms)[0m  [1mbegin transaction[0m
  [1m[35m (0.6ms)[0m  CREATE TABLE "users" ("id" INTEGER PRIMARY KEY AUTOINCREMENT NOT NULL, "name" varchar, "premium_member" integer, "created_at" datetime NOT NULL, "updated_at" datetime NOT NULL) 
  [1m[36mSQL (0.5ms)[0m  [1mINSERT INTO "schema_migrations" ("version") VALUES (?)[0m  [["version", "20160110061600"]]
  [1m[35m (0.9ms)[0m  commit transaction
Migrating to CreateTweets (20160110061626)
  [1m[36m (0.1ms)[0m  [1mbegin transaction[0m
  [1m[35m (1.3ms)[0m  CREATE TABLE "tweets" ("id" INTEGER PRIMARY KEY AUTOINCREMENT NOT NULL, "text" text, "created_at" datetime NOT NULL, "updated_at" datetime NOT NULL) 
  [1m[36mSQL (0.5ms)[0m  [1mINSERT INTO "schema_migrations" ("version") VALUES (?)[0m  [["version", "20160110061626"]]
  [1m[35m (0.8ms)[0m  commit transaction
Migrating to CreateHashtags (20160110061643)
  [1m[36m (0.1ms)[0m  [1mbegin transaction[0m
  [1m[35m (0.3ms)[0m  CREATE TABLE "hashtags" ("id" INTEGER PRIMARY KEY AUTOINCREMENT NOT NULL, "name" varchar, "created_at" datetime NOT NULL, "updated_at" datetime NOT NULL) 
  [1m[36mSQL (0.1ms)[0m  [1mINSERT INTO "schema_migrations" ("version") VALUES (?)[0m  [["version", "20160110061643"]]
  [1m[35m (0.7ms)[0m  commit transaction
  [1m[36mActiveRecord::SchemaMigration Load (0.2ms)[0m  [1mSELECT "schema_migrations".* FROM "schema_migrations"[0m


Started GET "/" for ::1 at 2016-01-20 15:37:19 -0800
  [1m[36mActiveRecord::SchemaMigration Load (0.5ms)[0m  [1mSELECT "schema_migrations".* FROM "schema_migrations"[0m
Processing by TweetsController#index as HTML
  [1m[35mTweet Load (0.5ms)[0m  SELECT "tweets".* FROM "tweets" WHERE (text LIKE '%%')
  Rendered tweets/_list.html.erb (1.7ms)
  Rendered tweets/index.html.erb within layouts/application (8.4ms)
Completed 200 OK in 1288ms (Views: 1274.7ms | ActiveRecord: 0.6ms)


Started GET "/assets/hashtags.self-e3b0c44298fc1c149afbf4c8996fb92427ae41e4649b934ca495991b7852b855.css?body=1" for ::1 at 2016-01-20 15:37:21 -0800


Started GET "/assets/tweets.self-e3b0c44298fc1c149afbf4c8996fb92427ae41e4649b934ca495991b7852b855.css?body=1" for ::1 at 2016-01-20 15:37:21 -0800


Started GET "/assets/users.self-e3b0c44298fc1c149afbf4c8996fb92427ae41e4649b934ca495991b7852b855.css?body=1" for ::1 at 2016-01-20 15:37:21 -0800


Started GET "/assets/application.self-e80e8f2318043e8af94dddc2adad5a4f09739a8ebb323b3ab31cd71d45fd9113.css?body=1" for ::1 at 2016-01-20 15:37:21 -0800


Started GET "/assets/jquery.self-a714331225dda820228db323939889f149aec0127aeb06255646b616ba1ca419.js?body=1" for ::1 at 2016-01-20 15:37:21 -0800


Started GET "/assets/turbolinks.self-c37727e9bd6b2735da5c311aa83fead54ed0be6cc8bd9a65309e9c5abe2cbfff.js?body=1" for ::1 at 2016-01-20 15:37:21 -0800


Started GET "/assets/tweets.self-877aef30ae1b040ab8a3aba4e3e309a11d7f2612f44dde450b5c157aa5f95c05.js?body=1" for ::1 at 2016-01-20 15:37:21 -0800


Started GET "/assets/hashtags.self-877aef30ae1b040ab8a3aba4e3e309a11d7f2612f44dde450b5c157aa5f95c05.js?body=1" for ::1 at 2016-01-20 15:37:21 -0800


Started GET "/assets/users.self-877aef30ae1b040ab8a3aba4e3e309a11d7f2612f44dde450b5c157aa5f95c05.js?body=1" for ::1 at 2016-01-20 15:37:21 -0800


Started GET "/assets/application.self-3b8dabdc891efe46b9a144b400ad69e37d7e5876bdc39dee783419a69d7ca819.js?body=1" for ::1 at 2016-01-20 15:37:21 -0800


Started GET "/assets/jquery_ujs.self-d456baa54c1fa6be2ec3711f0a72ddf7a5b2f34a6b4f515f33767d6207b7d4b3.js?body=1" for ::1 at 2016-01-20 15:37:21 -0800


Started GET "/tweets/new" for ::1 at 2016-01-20 15:37:27 -0800
Processing by TweetsController#new as HTML
  Rendered tweets/_form.html.erb (25.4ms)
  Rendered tweets/new.html.erb within layouts/application (28.6ms)
Completed 200 OK in 53ms (Views: 45.3ms | ActiveRecord: 0.4ms)


Started POST "/tweets" for ::1 at 2016-01-20 15:37:31 -0800
Processing by TweetsController#create as HTML
  Parameters: {"utf8"=>"✓", "authenticity_token"=>"k1AGP1d3eElpd9FKP3ogU7H4/vaFd+1Yu5ULUcUKZnsiAwMAmUQ1rreFoqC1CcAQ5dvuqKTpI796ErF/PJoycw==", "tweet"=>{"text"=>"HELLLOOO"}, "commit"=>"Create Tweet"}
  [1m[36m (0.1ms)[0m  [1mbegin transaction[0m
  [1m[35mSQL (0.8ms)[0m  INSERT INTO "tweets" ("text", "created_at", "updated_at") VALUES (?, ?, ?)  [["text", "HELLLOOO"], ["created_at", "2016-01-20 23:37:31.342900"], ["updated_at", "2016-01-20 23:37:31.342900"]]
  [1m[36m (0.8ms)[0m  [1mcommit transaction[0m
Redirected to http://localhost:3000/tweets
Completed 302 Found in 7ms (ActiveRecord: 1.8ms)


Started GET "/tweets" for ::1 at 2016-01-20 15:37:31 -0800
Processing by TweetsController#index as HTML
  [1m[35mTweet Load (0.2ms)[0m  SELECT "tweets".* FROM "tweets" WHERE (text LIKE '%%')
  Rendered tweets/_list.html.erb (1.0ms)
  Rendered tweets/index.html.erb within layouts/application (2.4ms)
Completed 200 OK in 20ms (Views: 18.7ms | ActiveRecord: 0.2ms)


Started GET "/?utf8=%E2%9C%93&q=ell&commit=Search" for ::1 at 2016-01-20 15:37:39 -0800
Processing by TweetsController#index as HTML
  Parameters: {"utf8"=>"✓", "q"=>"ell", "commit"=>"Search"}
  [1m[36mTweet Load (0.1ms)[0m  [1mSELECT "tweets".* FROM "tweets" WHERE (text LIKE '%ell%')[0m
  Rendered tweets/_list.html.erb (1.3ms)
  Rendered tweets/index.html.erb within layouts/application (2.7ms)
Completed 200 OK in 24ms (Views: 22.3ms | ActiveRecord: 0.1ms)


Started GET "/hashtags" for ::1 at 2016-01-20 15:37:41 -0800
Processing by HashtagsController#index as HTML
  [1m[35mHashtag Load (0.2ms)[0m  SELECT "hashtags".* FROM "hashtags" WHERE (name LIKE '%%')
  Rendered hashtags/_list.html.erb (1.7ms)
  Rendered hashtags/index.html.erb within layouts/application (6.1ms)
Completed 200 OK in 47ms (Views: 43.0ms | ActiveRecord: 0.5ms)


Started GET "/" for ::1 at 2016-01-20 15:37:49 -0800
Processing by TweetsController#index as HTML
  [1m[36mTweet Load (0.2ms)[0m  [1mSELECT "tweets".* FROM "tweets" WHERE (text LIKE '%%')[0m
  Rendered tweets/_list.html.erb (1.4ms)
  Rendered tweets/index.html.erb within layouts/application (6.3ms)
Completed 200 OK in 35ms (Views: 32.1ms | ActiveRecord: 0.2ms)


Started GET "/users" for ::1 at 2016-01-20 15:37:50 -0800
Processing by UsersController#index as HTML
  [1m[35mUser Load (0.2ms)[0m  SELECT "users".* FROM "users" WHERE (name LIKE '%%')
  Rendered users/_list.html.erb (1.7ms)
  Rendered users/index.html.erb within layouts/application (7.0ms)
Completed 200 OK in 33ms (Views: 28.0ms | ActiveRecord: 0.3ms)


Started GET "/" for ::1 at 2016-01-20 15:37:51 -0800
Processing by TweetsController#index as HTML
  [1m[36mTweet Load (0.2ms)[0m  [1mSELECT "tweets".* FROM "tweets" WHERE (text LIKE '%%')[0m
  Rendered tweets/_list.html.erb (1.6ms)
  Rendered tweets/index.html.erb within layouts/application (5.6ms)
Completed 200 OK in 40ms (Views: 38.7ms | ActiveRecord: 0.2ms)


Started GET "/users" for ::1 at 2016-01-20 15:38:05 -0800
Processing by UsersController#index as HTML
  [1m[35mUser Load (0.2ms)[0m  SELECT "users".* FROM "users" WHERE (name LIKE '%%')
  Rendered users/_list.html.erb (0.6ms)
  Rendered users/index.html.erb within layouts/application (3.2ms)
Completed 200 OK in 25ms (Views: 24.2ms | ActiveRecord: 0.2ms)


Started GET "/users/new" for ::1 at 2016-01-20 15:38:06 -0800
Processing by UsersController#new as HTML
  Rendered users/_form.html.erb (2.3ms)
  Rendered users/new.html.erb within layouts/application (4.9ms)
Completed 200 OK in 35ms (Views: 27.3ms | ActiveRecord: 0.8ms)


Started POST "/users" for ::1 at 2016-01-20 15:38:07 -0800
Processing by UsersController#create as HTML
  Parameters: {"utf8"=>"✓", "authenticity_token"=>"DAB9lAZndx6CZ4A3zgyJ7OXAuocJCeZVtZxBicFy6Wa9U3iryFQ6+VyV891Ef2mvseOq2SiXKLJ0G/unOOK9bg==", "user"=>{"name"=>"", "premium_member"=>""}, "commit"=>"Create User"}
  [1m[36m (0.1ms)[0m  [1mbegin transaction[0m
  [1m[35m (0.1ms)[0m  rollback transaction
  Rendered users/_form.html.erb (2.3ms)
  Rendered users/new.html.erb within layouts/application (3.9ms)
Completed 200 OK in 28ms (Views: 24.5ms | ActiveRecord: 0.1ms)


Started GET "/users" for ::1 at 2016-01-20 15:38:10 -0800
Processing by UsersController#index as HTML
  [1m[36mUser Load (0.2ms)[0m  [1mSELECT "users".* FROM "users" WHERE (name LIKE '%%')[0m
  Rendered users/_list.html.erb (0.8ms)
  Rendered users/index.html.erb within layouts/application (4.4ms)
Completed 200 OK in 45ms (Views: 43.0ms | ActiveRecord: 0.2ms)


Started GET "/" for ::1 at 2016-01-20 15:38:12 -0800
Processing by TweetsController#index as HTML
  [1m[35mTweet Load (0.2ms)[0m  SELECT "tweets".* FROM "tweets" WHERE (text LIKE '%%')
  Rendered tweets/_list.html.erb (1.2ms)
  Rendered tweets/index.html.erb within layouts/application (5.1ms)
Completed 200 OK in 149ms (Views: 147.2ms | ActiveRecord: 0.2ms)


Started GET "/tweets/new" for ::1 at 2016-01-20 15:38:13 -0800
Processing by TweetsController#new as HTML
  Rendered tweets/_form.html.erb (4.1ms)
  Rendered tweets/new.html.erb within layouts/application (7.7ms)
Completed 200 OK in 60ms (Views: 58.7ms | ActiveRecord: 0.0ms)


Started GET "/tweets/new" for ::1 at 2016-01-20 15:43:38 -0800
Processing by TweetsController#new as HTML
  Rendered tweets/_form.html.erb (1.4ms)
  Rendered tweets/new.html.erb within layouts/application (3.3ms)
Completed 200 OK in 34ms (Views: 33.1ms | ActiveRecord: 0.0ms)


Started GET "/" for ::1 at 2016-01-20 15:43:42 -0800
Processing by TweetsController#index as HTML
  [1m[36mTweet Load (0.3ms)[0m  [1mSELECT "tweets".* FROM "tweets" WHERE (text LIKE '%%')[0m
  Rendered tweets/_list.html.erb (1.2ms)
  Rendered tweets/index.html.erb within layouts/application (4.4ms)
Completed 200 OK in 53ms (Views: 51.4ms | ActiveRecord: 0.3ms)


Started GET "/" for ::1 at 2016-01-20 15:43:44 -0800
Processing by TweetsController#index as HTML
  [1m[35mTweet Load (0.1ms)[0m  SELECT "tweets".* FROM "tweets" WHERE (text LIKE '%%')
  Rendered tweets/_list.html.erb (0.6ms)
  Rendered tweets/index.html.erb within layouts/application (2.1ms)
Completed 200 OK in 24ms (Views: 23.4ms | ActiveRecord: 0.1ms)


Started GET "/" for ::1 at 2016-01-20 15:43:48 -0800
Processing by TweetsController#index as HTML
  [1m[36mTweet Load (0.2ms)[0m  [1mSELECT "tweets".* FROM "tweets" WHERE (text LIKE '%%')[0m
  Rendered tweets/_list.html.erb (0.7ms)
  Rendered tweets/index.html.erb within layouts/application (2.2ms)
Completed 200 OK in 18ms (Views: 17.6ms | ActiveRecord: 0.2ms)


Started GET "/hashtags" for ::1 at 2016-01-20 15:43:50 -0800
Processing by HashtagsController#index as HTML
  [1m[35mHashtag Load (0.2ms)[0m  SELECT "hashtags".* FROM "hashtags" WHERE (name LIKE '%%')
  Rendered hashtags/_list.html.erb (0.8ms)
  Rendered hashtags/index.html.erb within layouts/application (4.7ms)
Completed 200 OK in 35ms (Views: 33.8ms | ActiveRecord: 0.2ms)


Started GET "/" for ::1 at 2016-01-20 15:43:52 -0800
Processing by TweetsController#index as HTML
  [1m[36mTweet Load (0.1ms)[0m  [1mSELECT "tweets".* FROM "tweets" WHERE (text LIKE '%%')[0m
  Rendered tweets/_list.html.erb (0.9ms)
  Rendered tweets/index.html.erb within layouts/application (5.2ms)
Completed 200 OK in 24ms (Views: 23.0ms | ActiveRecord: 0.1ms)


Started GET "/users" for ::1 at 2016-01-20 15:43:53 -0800
Processing by UsersController#index as HTML
  [1m[35mUser Load (0.1ms)[0m  SELECT "users".* FROM "users" WHERE (name LIKE '%%')
  Rendered users/_list.html.erb (0.5ms)
  Rendered users/index.html.erb within layouts/application (3.2ms)
Completed 200 OK in 26ms (Views: 24.7ms | ActiveRecord: 0.1ms)
  [1m[36mActiveRecord::SchemaMigration Load (0.4ms)[0m  [1mSELECT "schema_migrations".* FROM "schema_migrations"[0m
  [1m[35m (0.1ms)[0m  begin transaction
  [1m[36mSQL (0.4ms)[0m  [1mINSERT INTO "users" ("name", "premium_member", "created_at", "updated_at") VALUES (?, ?, ?, ?)[0m  [["name", "@jack"], ["premium_member", 1], ["created_at", "2016-01-20 23:45:56.676103"], ["updated_at", "2016-01-20 23:45:56.676103"]]
  [1m[35m (0.8ms)[0m  commit transaction
  [1m[36m (0.0ms)[0m  [1mbegin transaction[0m
  [1m[35mSQL (0.2ms)[0m  INSERT INTO "users" ("name", "premium_member", "created_at", "updated_at") VALUES (?, ?, ?, ?)  [["name", "@biz"], ["premium_member", 1], ["created_at", "2016-01-20 23:45:56.680873"], ["updated_at", "2016-01-20 23:45:56.680873"]]
  [1m[36m (0.7ms)[0m  [1mcommit transaction[0m
  [1m[35m (0.0ms)[0m  begin transaction
  [1m[36mSQL (0.2ms)[0m  [1mINSERT INTO "users" ("name", "premium_member", "created_at", "updated_at") VALUES (?, ?, ?, ?)[0m  [["name", "@noah"], ["premium_member", 1], ["created_at", "2016-01-20 23:45:56.683020"], ["updated_at", "2016-01-20 23:45:56.683020"]]
  [1m[35m (0.7ms)[0m  commit transaction
  [1m[36m (0.0ms)[0m  [1mbegin transaction[0m
  [1m[35mSQL (0.2ms)[0m  INSERT INTO "users" ("name", "premium_member", "created_at", "updated_at") VALUES (?, ?, ?, ?)  [["name", "@ev"], ["premium_member", 1], ["created_at", "2016-01-20 23:45:56.685074"], ["updated_at", "2016-01-20 23:45:56.685074"]]
  [1m[36m (0.7ms)[0m  [1mcommit transaction[0m
  [1m[35m (0.1ms)[0m  begin transaction
  [1m[36mSQL (0.4ms)[0m  [1mINSERT INTO "tweets" ("text", "created_at", "updated_at") VALUES (?, ?, ?)[0m  [["text", "just setting up my twttr"], ["created_at", "2016-01-20 23:45:56.692061"], ["updated_at", "2016-01-20 23:45:56.692061"]]
  [1m[35m (1.0ms)[0m  commit transaction
  [1m[36m (0.1ms)[0m  [1mbegin transaction[0m
  [1m[35mSQL (0.2ms)[0m  INSERT INTO "tweets" ("text", "created_at", "updated_at") VALUES (?, ?, ?)  [["text", "inviting coworkers"], ["created_at", "2016-01-20 23:45:56.695435"], ["updated_at", "2016-01-20 23:45:56.695435"]]
  [1m[36m (0.6ms)[0m  [1mcommit transaction[0m
  [1m[35m (0.0ms)[0m  begin transaction
  [1m[36mSQL (0.2ms)[0m  [1mINSERT INTO "tweets" ("text", "created_at", "updated_at") VALUES (?, ?, ?)[0m  [["text", "getting my odeo folks on this deal"], ["created_at", "2016-01-20 23:45:56.697354"], ["updated_at", "2016-01-20 23:45:56.697354"]]
  [1m[35m (0.6ms)[0m  commit transaction
  [1m[36m (0.0ms)[0m  [1mbegin transaction[0m
  [1m[35mSQL (0.3ms)[0m  INSERT INTO "tweets" ("text", "created_at", "updated_at") VALUES (?, ?, ?)  [["text", "oh this is going to be addictive"], ["created_at", "2016-01-20 23:45:56.699201"], ["updated_at", "2016-01-20 23:45:56.699201"]]
  [1m[36m (0.7ms)[0m  [1mcommit transaction[0m
  [1m[35m (0.1ms)[0m  begin transaction
  [1m[36mSQL (0.6ms)[0m  [1mINSERT INTO "hashtags" ("name", "created_at", "updated_at") VALUES (?, ?, ?)[0m  [["name", "#JeSuisParis"], ["created_at", "2016-01-20 23:45:56.706955"], ["updated_at", "2016-01-20 23:45:56.706955"]]
  [1m[35m (0.8ms)[0m  commit transaction
  [1m[36m (0.1ms)[0m  [1mbegin transaction[0m
  [1m[35mSQL (0.3ms)[0m  INSERT INTO "hashtags" ("name", "created_at", "updated_at") VALUES (?, ?, ?)  [["name", "#BlackLivesMatter"], ["created_at", "2016-01-20 23:45:56.710608"], ["updated_at", "2016-01-20 23:45:56.710608"]]
  [1m[36m (0.7ms)[0m  [1mcommit transaction[0m
  [1m[35m (0.0ms)[0m  begin transaction
  [1m[36mSQL (0.2ms)[0m  [1mINSERT INTO "hashtags" ("name", "created_at", "updated_at") VALUES (?, ?, ?)[0m  [["name", "#LoveWins"], ["created_at", "2016-01-20 23:45:56.712672"], ["updated_at", "2016-01-20 23:45:56.712672"]]
  [1m[35m (0.7ms)[0m  commit transaction
  [1m[36m (0.1ms)[0m  [1mbegin transaction[0m
  [1m[35mSQL (0.2ms)[0m  INSERT INTO "hashtags" ("name", "created_at", "updated_at") VALUES (?, ?, ?)  [["name", "#Election2016"], ["created_at", "2016-01-20 23:45:56.714487"], ["updated_at", "2016-01-20 23:45:56.714487"]]
  [1m[36m (0.7ms)[0m  [1mcommit transaction[0m


Started GET "/users" for ::1 at 2016-01-20 15:46:02 -0800
Processing by UsersController#index as HTML
  [1m[36mUser Load (0.2ms)[0m  [1mSELECT "users".* FROM "users" WHERE (name LIKE '%%')[0m
  Rendered users/_list.html.erb (1.5ms)
  Rendered users/index.html.erb within layouts/application (5.0ms)
Completed 200 OK in 32ms (Views: 30.5ms | ActiveRecord: 0.2ms)


Started GET "/assets/hashtags.self-e3b0c44298fc1c149afbf4c8996fb92427ae41e4649b934ca495991b7852b855.css?body=1" for ::1 at 2016-01-20 15:46:02 -0800


Started GET "/assets/users.self-e3b0c44298fc1c149afbf4c8996fb92427ae41e4649b934ca495991b7852b855.css?body=1" for ::1 at 2016-01-20 15:46:02 -0800


Started GET "/assets/tweets.self-e3b0c44298fc1c149afbf4c8996fb92427ae41e4649b934ca495991b7852b855.css?body=1" for ::1 at 2016-01-20 15:46:02 -0800


Started GET "/assets/jquery.self-a714331225dda820228db323939889f149aec0127aeb06255646b616ba1ca419.js?body=1" for ::1 at 2016-01-20 15:46:02 -0800


Started GET "/assets/application.self-e80e8f2318043e8af94dddc2adad5a4f09739a8ebb323b3ab31cd71d45fd9113.css?body=1" for ::1 at 2016-01-20 15:46:02 -0800


Started GET "/assets/jquery_ujs.self-d456baa54c1fa6be2ec3711f0a72ddf7a5b2f34a6b4f515f33767d6207b7d4b3.js?body=1" for ::1 at 2016-01-20 15:46:02 -0800


Started GET "/assets/turbolinks.self-c37727e9bd6b2735da5c311aa83fead54ed0be6cc8bd9a65309e9c5abe2cbfff.js?body=1" for ::1 at 2016-01-20 15:46:02 -0800


Started GET "/assets/hashtags.self-877aef30ae1b040ab8a3aba4e3e309a11d7f2612f44dde450b5c157aa5f95c05.js?body=1" for ::1 at 2016-01-20 15:46:02 -0800


Started GET "/assets/tweets.self-877aef30ae1b040ab8a3aba4e3e309a11d7f2612f44dde450b5c157aa5f95c05.js?body=1" for ::1 at 2016-01-20 15:46:02 -0800


Started GET "/assets/users.self-877aef30ae1b040ab8a3aba4e3e309a11d7f2612f44dde450b5c157aa5f95c05.js?body=1" for ::1 at 2016-01-20 15:46:02 -0800


Started GET "/assets/application.self-3b8dabdc891efe46b9a144b400ad69e37d7e5876bdc39dee783419a69d7ca819.js?body=1" for ::1 at 2016-01-20 15:46:02 -0800


Started GET "/users/1" for ::1 at 2016-01-20 15:46:05 -0800
Processing by UsersController#show as HTML
  Parameters: {"id"=>"1"}
  [1m[35mUser Load (0.2ms)[0m  SELECT  "users".* FROM "users" WHERE "users"."id" = ? LIMIT 1  [["id", 1]]
  Rendered users/show.html.erb within layouts/application (1.0ms)
Completed 200 OK in 35ms (Views: 26.3ms | ActiveRecord: 0.2ms)


Started GET "/users" for ::1 at 2016-01-20 15:46:08 -0800
Processing by UsersController#index as HTML
  [1m[36mUser Load (0.2ms)[0m  [1mSELECT "users".* FROM "users" WHERE (name LIKE '%%')[0m
  Rendered users/_list.html.erb (1.1ms)
  Rendered users/index.html.erb within layouts/application (3.5ms)
Completed 200 OK in 24ms (Views: 23.3ms | ActiveRecord: 0.2ms)


Started GET "/users/new" for ::1 at 2016-01-20 15:46:09 -0800
Processing by UsersController#new as HTML
  Rendered users/_form.html.erb (5.3ms)
  Rendered users/new.html.erb within layouts/application (11.1ms)
Completed 200 OK in 43ms (Views: 41.7ms | ActiveRecord: 0.0ms)


Started GET "/users" for ::1 at 2016-01-20 15:46:12 -0800
Processing by UsersController#index as HTML
  [1m[35mUser Load (0.1ms)[0m  SELECT "users".* FROM "users" WHERE (name LIKE '%%')
  Rendered users/_list.html.erb (0.9ms)
  Rendered users/index.html.erb within layouts/application (3.2ms)
Completed 200 OK in 22ms (Views: 20.9ms | ActiveRecord: 0.1ms)


Started GET "/" for ::1 at 2016-01-20 15:46:16 -0800
Processing by TweetsController#index as HTML
  [1m[36mTweet Load (0.3ms)[0m  [1mSELECT "tweets".* FROM "tweets" WHERE (text LIKE '%%')[0m
  Rendered tweets/_list.html.erb (2.2ms)
  Rendered tweets/index.html.erb within layouts/application (6.7ms)
Completed 200 OK in 42ms (Views: 40.0ms | ActiveRecord: 0.3ms)


Started GET "/?utf8=%E2%9C%93&q=invit&commit=Search" for ::1 at 2016-01-20 15:46:20 -0800
Processing by TweetsController#index as HTML
  Parameters: {"utf8"=>"✓", "q"=>"invit", "commit"=>"Search"}
  [1m[35mTweet Load (0.2ms)[0m  SELECT "tweets".* FROM "tweets" WHERE (text LIKE '%invit%')
  Rendered tweets/_list.html.erb (0.9ms)
  Rendered tweets/index.html.erb within layouts/application (3.0ms)
Completed 200 OK in 30ms (Views: 29.4ms | ActiveRecord: 0.2ms)


Started GET "/hashtags" for ::1 at 2016-01-20 15:46:23 -0800
Processing by HashtagsController#index as HTML
  [1m[36mHashtag Load (0.2ms)[0m  [1mSELECT "hashtags".* FROM "hashtags" WHERE (name LIKE '%%')[0m
  Rendered hashtags/_list.html.erb (3.2ms)
  Rendered hashtags/index.html.erb within layouts/application (5.9ms)
Completed 200 OK in 26ms (Views: 24.5ms | ActiveRecord: 0.3ms)


Started GET "/hashtags?utf8=%E2%9C%93&q=%23j&commit=Search" for ::1 at 2016-01-20 15:46:26 -0800
Processing by HashtagsController#index as HTML
  Parameters: {"utf8"=>"✓", "q"=>"#j", "commit"=>"Search"}
  [1m[35mHashtag Load (0.2ms)[0m  SELECT "hashtags".* FROM "hashtags" WHERE (name LIKE '%#j%')
  Rendered hashtags/_list.html.erb (1.0ms)
  Rendered hashtags/index.html.erb within layouts/application (3.3ms)
Completed 200 OK in 22ms (Views: 20.8ms | ActiveRecord: 0.1ms)


Started GET "/" for ::1 at 2016-01-20 15:46:29 -0800
Processing by TweetsController#index as HTML
  [1m[36mTweet Load (0.2ms)[0m  [1mSELECT "tweets".* FROM "tweets" WHERE (text LIKE '%%')[0m
  Rendered tweets/_list.html.erb (1.7ms)
  Rendered tweets/index.html.erb within layouts/application (4.7ms)
Completed 200 OK in 29ms (Views: 27.5ms | ActiveRecord: 0.2ms)
