  [1m[36m (1.1ms)[0m  [1mCREATE TABLE "schema_migrations" ("version" varchar NOT NULL) [0m
  [1m[35m (0.1ms)[0m  select sqlite_version(*)
  [1m[36m (0.8ms)[0m  [1mCREATE UNIQUE INDEX "unique_schema_migrations" ON "schema_migrations" ("version")[0m
  [1m[35mActiveRecord::SchemaMigration Load (0.1ms)[0m  SELECT "schema_migrations".* FROM "schema_migrations"
Migrating to CreateUsers (20160114061618)
  [1m[36m (0.1ms)[0m  [1mbegin transaction[0m
  [1m[35m (0.5ms)[0m  CREATE TABLE "users" ("id" INTEGER PRIMARY KEY AUTOINCREMENT NOT NULL, "name" varchar, "premium_member" integer, "created_at" datetime NOT NULL, "updated_at" datetime NOT NULL) 
  [1m[36mSQL (0.1ms)[0m  [1mINSERT INTO "schema_migrations" ("version") VALUES (?)[0m  [["version", "20160114061618"]]
  [1m[35m (0.8ms)[0m  commit transaction
Migrating to CreateTweets (20160114061647)
  [1m[36m (0.1ms)[0m  [1mbegin transaction[0m
  [1m[35m (0.5ms)[0m  CREATE TABLE "tweets" ("id" INTEGER PRIMARY KEY AUTOINCREMENT NOT NULL, "text" text, "created_at" datetime NOT NULL, "updated_at" datetime NOT NULL) 
  [1m[36mSQL (0.1ms)[0m  [1mINSERT INTO "schema_migrations" ("version") VALUES (?)[0m  [["version", "20160114061647"]]
  [1m[35m (0.7ms)[0m  commit transaction
Migrating to CreateHashtags (20160114061659)
  [1m[36m (0.0ms)[0m  [1mbegin transaction[0m
  [1m[35m (0.3ms)[0m  CREATE TABLE "hashtags" ("id" INTEGER PRIMARY KEY AUTOINCREMENT NOT NULL, "name" varchar, "created_at" datetime NOT NULL, "updated_at" datetime NOT NULL) 
  [1m[36mSQL (0.1ms)[0m  [1mINSERT INTO "schema_migrations" ("version") VALUES (?)[0m  [["version", "20160114061659"]]
  [1m[35m (0.8ms)[0m  commit transaction
  [1m[36mActiveRecord::SchemaMigration Load (0.1ms)[0m  [1mSELECT "schema_migrations".* FROM "schema_migrations"[0m
  [1m[36mActiveRecord::SchemaMigration Load (0.4ms)[0m  [1mSELECT "schema_migrations".* FROM "schema_migrations"[0m
  [1m[35m (0.2ms)[0m  begin transaction
  [1m[36mSQL (1.3ms)[0m  [1mINSERT INTO "users" ("name", "premium_member", "created_at", "updated_at") VALUES (?, ?, ?, ?)[0m  [["name", "fluffy_cat"], ["premium_member", 0], ["created_at", "2016-01-21 00:09:38.875464"], ["updated_at", "2016-01-21 00:09:38.875464"]]
  [1m[35m (0.9ms)[0m  commit transaction
  [1m[36m (0.1ms)[0m  [1mbegin transaction[0m
  [1m[35mSQL (0.2ms)[0m  INSERT INTO "users" ("name", "premium_member", "created_at", "updated_at") VALUES (?, ?, ?, ?)  [["name", "eekedm"], ["premium_member", 1], ["created_at", "2016-01-21 00:09:38.892534"], ["updated_at", "2016-01-21 00:09:38.892534"]]
  [1m[36m (0.7ms)[0m  [1mcommit transaction[0m
  [1m[35m (0.0ms)[0m  begin transaction
  [1m[36mSQL (0.2ms)[0m  [1mINSERT INTO "users" ("name", "premium_member", "created_at", "updated_at") VALUES (?, ?, ?, ?)[0m  [["name", "panda576"], ["premium_member", 1], ["created_at", "2016-01-21 00:09:38.894617"], ["updated_at", "2016-01-21 00:09:38.894617"]]
  [1m[35m (0.7ms)[0m  commit transaction
  [1m[36m (0.1ms)[0m  [1mbegin transaction[0m
  [1m[35mSQL (0.4ms)[0m  INSERT INTO "users" ("name", "premium_member", "created_at", "updated_at") VALUES (?, ?, ?, ?)  [["name", "wolverine"], ["premium_member", 0], ["created_at", "2016-01-21 00:09:38.896699"], ["updated_at", "2016-01-21 00:09:38.896699"]]
  [1m[36m (1.2ms)[0m  [1mcommit transaction[0m
  [1m[35m (0.1ms)[0m  begin transaction
  [1m[36mSQL (0.6ms)[0m  [1mINSERT INTO "hashtags" ("name", "created_at", "updated_at") VALUES (?, ?, ?)[0m  [["name", "#cats"], ["created_at", "2016-01-21 00:09:38.905356"], ["updated_at", "2016-01-21 00:09:38.905356"]]
  [1m[35m (0.6ms)[0m  commit transaction
  [1m[36m (0.1ms)[0m  [1mbegin transaction[0m
  [1m[35mSQL (0.2ms)[0m  INSERT INTO "hashtags" ("name", "created_at", "updated_at") VALUES (?, ?, ?)  [["name", "#fail"], ["created_at", "2016-01-21 00:09:38.908001"], ["updated_at", "2016-01-21 00:09:38.908001"]]
  [1m[36m (0.7ms)[0m  [1mcommit transaction[0m
  [1m[35m (0.1ms)[0m  begin transaction
  [1m[36mSQL (0.3ms)[0m  [1mINSERT INTO "hashtags" ("name", "created_at", "updated_at") VALUES (?, ?, ?)[0m  [["name", "#nofilter"], ["created_at", "2016-01-21 00:09:38.910033"], ["updated_at", "2016-01-21 00:09:38.910033"]]
  [1m[35m (0.7ms)[0m  commit transaction
  [1m[36m (0.0ms)[0m  [1mbegin transaction[0m
  [1m[35mSQL (0.3ms)[0m  INSERT INTO "hashtags" ("name", "created_at", "updated_at") VALUES (?, ?, ?)  [["name", "#soml"], ["created_at", "2016-01-21 00:09:38.912085"], ["updated_at", "2016-01-21 00:09:38.912085"]]
  [1m[36m (0.7ms)[0m  [1mcommit transaction[0m
  [1m[35m (0.0ms)[0m  begin transaction
  [1m[36mSQL (0.6ms)[0m  [1mINSERT INTO "tweets" ("text", "created_at", "updated_at") VALUES (?, ?, ?)[0m  [["text", "Twitter releases Buy Now Button"], ["created_at", "2016-01-21 00:09:38.917532"], ["updated_at", "2016-01-21 00:09:38.917532"]]
  [1m[35m (0.7ms)[0m  commit transaction
  [1m[36m (0.0ms)[0m  [1mbegin transaction[0m
  [1m[35mSQL (0.4ms)[0m  INSERT INTO "tweets" ("text", "created_at", "updated_at") VALUES (?, ?, ?)  [["text", "Click here for Obama's final SOTU"], ["created_at", "2016-01-21 00:09:38.920569"], ["updated_at", "2016-01-21 00:09:38.920569"]]
  [1m[36m (1.1ms)[0m  [1mcommit transaction[0m
  [1m[35m (0.3ms)[0m  begin transaction
  [1m[36mSQL (0.3ms)[0m  [1mINSERT INTO "tweets" ("text", "created_at", "updated_at") VALUES (?, ?, ?)[0m  [["text", "Top 52 places to visit in 2016"], ["created_at", "2016-01-21 00:09:38.925328"], ["updated_at", "2016-01-21 00:09:38.925328"]]
  [1m[35m (0.8ms)[0m  commit transaction
  [1m[36m (0.1ms)[0m  [1mbegin transaction[0m
  [1m[35mSQL (0.2ms)[0m  INSERT INTO "tweets" ("text", "created_at", "updated_at") VALUES (?, ?, ?)  [["text", "I'm so fluffy!"], ["created_at", "2016-01-21 00:09:38.928549"], ["updated_at", "2016-01-21 00:09:38.928549"]]
  [1m[36m (0.7ms)[0m  [1mcommit transaction[0m


Started GET "/" for ::1 at 2016-01-20 16:10:38 -0800
  [1m[36mActiveRecord::SchemaMigration Load (0.4ms)[0m  [1mSELECT "schema_migrations".* FROM "schema_migrations"[0m
Processing by TweetsController#index as HTML
  [1m[35mTweet Load (0.2ms)[0m  SELECT "tweets".* FROM "tweets" WHERE (text LIKE '%%')
  Rendered tweets/_list.html.erb (4.0ms)
  Rendered tweets/index.html.erb within layouts/application (10.6ms)
Completed 200 OK in 1258ms (Views: 1246.0ms | ActiveRecord: 0.5ms)


Started GET "/assets/user.self-e3b0c44298fc1c149afbf4c8996fb92427ae41e4649b934ca495991b7852b855.css?body=1" for ::1 at 2016-01-20 16:10:40 -0800


Started GET "/assets/tweet.self-877aef30ae1b040ab8a3aba4e3e309a11d7f2612f44dde450b5c157aa5f95c05.js?body=1" for ::1 at 2016-01-20 16:10:40 -0800


Started GET "/assets/tweet.self-e3b0c44298fc1c149afbf4c8996fb92427ae41e4649b934ca495991b7852b855.css?body=1" for ::1 at 2016-01-20 16:10:40 -0800


Started GET "/assets/user.self-877aef30ae1b040ab8a3aba4e3e309a11d7f2612f44dde450b5c157aa5f95c05.js?body=1" for ::1 at 2016-01-20 16:10:40 -0800


Started GET "/?utf8=%E2%9C%93&q=Obama&commit=Search" for ::1 at 2016-01-20 16:10:46 -0800
Processing by TweetsController#index as HTML
  Parameters: {"utf8"=>"✓", "q"=>"Obama", "commit"=>"Search"}
  [1m[36mTweet Load (0.2ms)[0m  [1mSELECT "tweets".* FROM "tweets" WHERE (text LIKE '%Obama%')[0m
  Rendered tweets/_list.html.erb (1.2ms)
  Rendered tweets/index.html.erb within layouts/application (3.1ms)
Completed 200 OK in 22ms (Views: 21.2ms | ActiveRecord: 0.2ms)


Started GET "/users/new" for ::1 at 2016-01-20 16:10:48 -0800
Processing by UsersController#new as HTML
  [1m[35mUser Load (0.2ms)[0m  SELECT "users".* FROM "users"
  Rendered users/new.html.erb within layouts/application (4.0ms)
Completed 200 OK in 35ms (Views: 32.6ms | ActiveRecord: 0.4ms)


Started GET "/" for ::1 at 2016-01-20 16:10:50 -0800
Processing by TweetsController#index as HTML
  [1m[36mTweet Load (0.5ms)[0m  [1mSELECT "tweets".* FROM "tweets" WHERE (text LIKE '%%')[0m
  Rendered tweets/_list.html.erb (4.6ms)
  Rendered tweets/index.html.erb within layouts/application (14.2ms)
Completed 200 OK in 50ms (Views: 48.0ms | ActiveRecord: 0.5ms)


Started GET "/hashtags/new" for ::1 at 2016-01-20 16:10:51 -0800
Processing by HashtagsController#new as HTML
  [1m[35mHashtag Load (0.3ms)[0m  SELECT "hashtags".* FROM "hashtags"
  Rendered hashtags/new.html.erb within layouts/application (7.1ms)
Completed 200 OK in 64ms (Views: 59.2ms | ActiveRecord: 0.6ms)


Started GET "/" for ::1 at 2016-01-20 16:10:53 -0800
Processing by TweetsController#index as HTML
  [1m[36mTweet Load (0.2ms)[0m  [1mSELECT "tweets".* FROM "tweets" WHERE (text LIKE '%%')[0m
  Rendered tweets/_list.html.erb (1.0ms)
  Rendered tweets/index.html.erb within layouts/application (5.2ms)
Completed 200 OK in 58ms (Views: 56.3ms | ActiveRecord: 0.2ms)


Started GET "/users/new" for ::1 at 2016-01-20 16:11:10 -0800
Processing by UsersController#new as HTML
  [1m[35mUser Load (0.8ms)[0m  SELECT "users".* FROM "users"
  Rendered users/new.html.erb within layouts/application (2.2ms)
Completed 200 OK in 43ms (Views: 40.5ms | ActiveRecord: 0.8ms)


Started GET "/" for ::1 at 2016-01-20 16:11:11 -0800
Processing by TweetsController#index as HTML
  [1m[36mTweet Load (0.2ms)[0m  [1mSELECT "tweets".* FROM "tweets" WHERE (text LIKE '%%')[0m
  Rendered tweets/_list.html.erb (0.7ms)
  Rendered tweets/index.html.erb within layouts/application (3.5ms)
Completed 200 OK in 37ms (Views: 35.9ms | ActiveRecord: 0.2ms)


Started GET "/users/new" for ::1 at 2016-01-20 16:12:02 -0800
Processing by UsersController#new as HTML
  [1m[35mUser Load (0.2ms)[0m  SELECT "users".* FROM "users"
  Rendered users/new.html.erb within layouts/application (1.4ms)
Completed 200 OK in 29ms (Views: 28.6ms | ActiveRecord: 0.2ms)
