

Started GET "/" for ::1 at 2016-01-19 16:38:18 -0800

ActiveRecord::PendingMigrationError (

Migrations are pending. To resolve this issue, run:

	bin/rake db:migrate RAILS_ENV=development

):
  activerecord (4.2.5) lib/active_record/migration.rb:392:in `check_pending!'
  activerecord (4.2.5) lib/active_record/migration.rb:373:in `call'
  actionpack (4.2.5) lib/action_dispatch/middleware/callbacks.rb:29:in `block in call'
  activesupport (4.2.5) lib/active_support/callbacks.rb:88:in `__run_callbacks__'
  activesupport (4.2.5) lib/active_support/callbacks.rb:778:in `_run_call_callbacks'
  activesupport (4.2.5) lib/active_support/callbacks.rb:81:in `run_callbacks'
  actionpack (4.2.5) lib/action_dispatch/middleware/callbacks.rb:27:in `call'
  actionpack (4.2.5) lib/action_dispatch/middleware/reloader.rb:73:in `call'
  actionpack (4.2.5) lib/action_dispatch/middleware/remote_ip.rb:78:in `call'
  actionpack (4.2.5) lib/action_dispatch/middleware/debug_exceptions.rb:17:in `call'
  web-console (2.2.1) lib/web_console/middleware.rb:39:in `call'
  actionpack (4.2.5) lib/action_dispatch/middleware/show_exceptions.rb:30:in `call'
  railties (4.2.5) lib/rails/rack/logger.rb:38:in `call_app'
  railties (4.2.5) lib/rails/rack/logger.rb:20:in `block in call'
  activesupport (4.2.5) lib/active_support/tagged_logging.rb:68:in `block in tagged'
  activesupport (4.2.5) lib/active_support/tagged_logging.rb:26:in `tagged'
  activesupport (4.2.5) lib/active_support/tagged_logging.rb:68:in `tagged'
  railties (4.2.5) lib/rails/rack/logger.rb:20:in `call'
  actionpack (4.2.5) lib/action_dispatch/middleware/request_id.rb:21:in `call'
  rack (1.6.4) lib/rack/methodoverride.rb:22:in `call'
  rack (1.6.4) lib/rack/runtime.rb:18:in `call'
  activesupport (4.2.5) lib/active_support/cache/strategy/local_cache_middleware.rb:28:in `call'
  rack (1.6.4) lib/rack/lock.rb:17:in `call'
  actionpack (4.2.5) lib/action_dispatch/middleware/static.rb:116:in `call'
  rack (1.6.4) lib/rack/sendfile.rb:113:in `call'
  railties (4.2.5) lib/rails/engine.rb:518:in `call'
  railties (4.2.5) lib/rails/application.rb:165:in `call'
  rack (1.6.4) lib/rack/lock.rb:17:in `call'
  rack (1.6.4) lib/rack/content_length.rb:15:in `call'
  rack (1.6.4) lib/rack/handler/webrick.rb:88:in `service'
  /Users/Christine/.rvm/rubies/ruby-2.2.0/lib/ruby/2.2.0/webrick/httpserver.rb:138:in `service'
  /Users/Christine/.rvm/rubies/ruby-2.2.0/lib/ruby/2.2.0/webrick/httpserver.rb:94:in `run'
  /Users/Christine/.rvm/rubies/ruby-2.2.0/lib/ruby/2.2.0/webrick/server.rb:294:in `block in start_thread'


  Rendered /Users/Christine/.rvm/gems/ruby-2.2.0/gems/actionpack-4.2.5/lib/action_dispatch/middleware/templates/rescues/_source.erb (3.8ms)
  Rendered /Users/Christine/.rvm/gems/ruby-2.2.0/gems/actionpack-4.2.5/lib/action_dispatch/middleware/templates/rescues/_trace.html.erb (1.4ms)
  Rendered /Users/Christine/.rvm/gems/ruby-2.2.0/gems/actionpack-4.2.5/lib/action_dispatch/middleware/templates/rescues/_request_and_response.html.erb (0.9ms)
  Rendered /Users/Christine/.rvm/gems/ruby-2.2.0/gems/actionpack-4.2.5/lib/action_dispatch/middleware/templates/rescues/diagnostics.html.erb within rescues/layout (66.7ms)
  Rendered /Users/Christine/.rvm/gems/ruby-2.2.0/gems/web-console-2.2.1/lib/web_console/templates/_markup.html.erb (0.3ms)
  Rendered /Users/Christine/.rvm/gems/ruby-2.2.0/gems/web-console-2.2.1/lib/web_console/templates/_inner_console_markup.html.erb within layouts/inlined_string (0.3ms)
  Rendered /Users/Christine/.rvm/gems/ruby-2.2.0/gems/web-console-2.2.1/lib/web_console/templates/_prompt_box_markup.html.erb within layouts/inlined_string (0.3ms)
  Rendered /Users/Christine/.rvm/gems/ruby-2.2.0/gems/web-console-2.2.1/lib/web_console/templates/style.css.erb within layouts/inlined_string (0.3ms)
  Rendered /Users/Christine/.rvm/gems/ruby-2.2.0/gems/web-console-2.2.1/lib/web_console/templates/console.js.erb within layouts/javascript (42.9ms)
  Rendered /Users/Christine/.rvm/gems/ruby-2.2.0/gems/web-console-2.2.1/lib/web_console/templates/main.js.erb within layouts/javascript (0.4ms)
  Rendered /Users/Christine/.rvm/gems/ruby-2.2.0/gems/web-console-2.2.1/lib/web_console/templates/error_page.js.erb within layouts/javascript (0.7ms)
  Rendered /Users/Christine/.rvm/gems/ruby-2.2.0/gems/web-console-2.2.1/lib/web_console/templates/index.html.erb (103.7ms)


Started GET "/" for ::1 at 2016-01-19 16:38:19 -0800

ActiveRecord::PendingMigrationError (

Migrations are pending. To resolve this issue, run:

	bin/rake db:migrate RAILS_ENV=development

):
  activerecord (4.2.5) lib/active_record/migration.rb:392:in `check_pending!'
  activerecord (4.2.5) lib/active_record/migration.rb:373:in `call'
  actionpack (4.2.5) lib/action_dispatch/middleware/callbacks.rb:29:in `block in call'
  activesupport (4.2.5) lib/active_support/callbacks.rb:88:in `__run_callbacks__'
  activesupport (4.2.5) lib/active_support/callbacks.rb:778:in `_run_call_callbacks'
  activesupport (4.2.5) lib/active_support/callbacks.rb:81:in `run_callbacks'
  actionpack (4.2.5) lib/action_dispatch/middleware/callbacks.rb:27:in `call'
  actionpack (4.2.5) lib/action_dispatch/middleware/reloader.rb:73:in `call'
  actionpack (4.2.5) lib/action_dispatch/middleware/remote_ip.rb:78:in `call'
  actionpack (4.2.5) lib/action_dispatch/middleware/debug_exceptions.rb:17:in `call'
  web-console (2.2.1) lib/web_console/middleware.rb:39:in `call'
  actionpack (4.2.5) lib/action_dispatch/middleware/show_exceptions.rb:30:in `call'
  railties (4.2.5) lib/rails/rack/logger.rb:38:in `call_app'
  railties (4.2.5) lib/rails/rack/logger.rb:20:in `block in call'
  activesupport (4.2.5) lib/active_support/tagged_logging.rb:68:in `block in tagged'
  activesupport (4.2.5) lib/active_support/tagged_logging.rb:26:in `tagged'
  activesupport (4.2.5) lib/active_support/tagged_logging.rb:68:in `tagged'
  railties (4.2.5) lib/rails/rack/logger.rb:20:in `call'
  actionpack (4.2.5) lib/action_dispatch/middleware/request_id.rb:21:in `call'
  rack (1.6.4) lib/rack/methodoverride.rb:22:in `call'
  rack (1.6.4) lib/rack/runtime.rb:18:in `call'
  activesupport (4.2.5) lib/active_support/cache/strategy/local_cache_middleware.rb:28:in `call'
  rack (1.6.4) lib/rack/lock.rb:17:in `call'
  actionpack (4.2.5) lib/action_dispatch/middleware/static.rb:116:in `call'
  rack (1.6.4) lib/rack/sendfile.rb:113:in `call'
  railties (4.2.5) lib/rails/engine.rb:518:in `call'
  railties (4.2.5) lib/rails/application.rb:165:in `call'
  rack (1.6.4) lib/rack/lock.rb:17:in `call'
  rack (1.6.4) lib/rack/content_length.rb:15:in `call'
  rack (1.6.4) lib/rack/handler/webrick.rb:88:in `service'
  /Users/Christine/.rvm/rubies/ruby-2.2.0/lib/ruby/2.2.0/webrick/httpserver.rb:138:in `service'
  /Users/Christine/.rvm/rubies/ruby-2.2.0/lib/ruby/2.2.0/webrick/httpserver.rb:94:in `run'
  /Users/Christine/.rvm/rubies/ruby-2.2.0/lib/ruby/2.2.0/webrick/server.rb:294:in `block in start_thread'


  Rendered /Users/Christine/.rvm/gems/ruby-2.2.0/gems/actionpack-4.2.5/lib/action_dispatch/middleware/templates/rescues/_source.erb (1.9ms)
  Rendered /Users/Christine/.rvm/gems/ruby-2.2.0/gems/actionpack-4.2.5/lib/action_dispatch/middleware/templates/rescues/_trace.html.erb (1.3ms)
  Rendered /Users/Christine/.rvm/gems/ruby-2.2.0/gems/actionpack-4.2.5/lib/action_dispatch/middleware/templates/rescues/_request_and_response.html.erb (1.0ms)
  Rendered /Users/Christine/.rvm/gems/ruby-2.2.0/gems/actionpack-4.2.5/lib/action_dispatch/middleware/templates/rescues/diagnostics.html.erb within rescues/layout (44.0ms)
  Rendered /Users/Christine/.rvm/gems/ruby-2.2.0/gems/web-console-2.2.1/lib/web_console/templates/_markup.html.erb (0.3ms)
  Rendered /Users/Christine/.rvm/gems/ruby-2.2.0/gems/web-console-2.2.1/lib/web_console/templates/_inner_console_markup.html.erb within layouts/inlined_string (0.3ms)
  Rendered /Users/Christine/.rvm/gems/ruby-2.2.0/gems/web-console-2.2.1/lib/web_console/templates/_prompt_box_markup.html.erb within layouts/inlined_string (0.5ms)
  Rendered /Users/Christine/.rvm/gems/ruby-2.2.0/gems/web-console-2.2.1/lib/web_console/templates/style.css.erb within layouts/inlined_string (0.5ms)
  Rendered /Users/Christine/.rvm/gems/ruby-2.2.0/gems/web-console-2.2.1/lib/web_console/templates/console.js.erb within layouts/javascript (41.0ms)
  Rendered /Users/Christine/.rvm/gems/ruby-2.2.0/gems/web-console-2.2.1/lib/web_console/templates/main.js.erb within layouts/javascript (0.2ms)
  Rendered /Users/Christine/.rvm/gems/ruby-2.2.0/gems/web-console-2.2.1/lib/web_console/templates/error_page.js.erb within layouts/javascript (0.5ms)
  Rendered /Users/Christine/.rvm/gems/ruby-2.2.0/gems/web-console-2.2.1/lib/web_console/templates/index.html.erb (91.9ms)
  [1m[36m (1.5ms)[0m  [1mCREATE TABLE "schema_migrations" ("version" varchar NOT NULL) [0m
  [1m[35m (0.1ms)[0m  select sqlite_version(*)
  [1m[36m (4.8ms)[0m  [1mCREATE UNIQUE INDEX "unique_schema_migrations" ON "schema_migrations" ("version")[0m
  [1m[35mActiveRecord::SchemaMigration Load (0.2ms)[0m  SELECT "schema_migrations".* FROM "schema_migrations"
Migrating to CreateUsers (20160108051434)
  [1m[36m (0.1ms)[0m  [1mbegin transaction[0m
  [1m[35m (0.4ms)[0m  CREATE TABLE "users" ("id" INTEGER PRIMARY KEY AUTOINCREMENT NOT NULL, "name" varchar, "premium_member" integer, "created_at" datetime NOT NULL, "updated_at" datetime NOT NULL) 
  [1m[36mSQL (0.2ms)[0m  [1mINSERT INTO "schema_migrations" ("version") VALUES (?)[0m  [["version", "20160108051434"]]
  [1m[35m (0.8ms)[0m  commit transaction
Migrating to CreateTweets (20160108051446)
  [1m[36m (0.1ms)[0m  [1mbegin transaction[0m
  [1m[35m (0.3ms)[0m  CREATE TABLE "tweets" ("id" INTEGER PRIMARY KEY AUTOINCREMENT NOT NULL, "text" text, "created_at" datetime NOT NULL, "updated_at" datetime NOT NULL) 
  [1m[36mSQL (0.1ms)[0m  [1mINSERT INTO "schema_migrations" ("version") VALUES (?)[0m  [["version", "20160108051446"]]
  [1m[35m (0.7ms)[0m  commit transaction
Migrating to CreateHashtags (20160108051456)
  [1m[36m (0.1ms)[0m  [1mbegin transaction[0m
  [1m[35m (0.3ms)[0m  CREATE TABLE "hashtags" ("id" INTEGER PRIMARY KEY AUTOINCREMENT NOT NULL, "name" varchar, "created_at" datetime NOT NULL, "updated_at" datetime NOT NULL) 
  [1m[36mSQL (0.1ms)[0m  [1mINSERT INTO "schema_migrations" ("version") VALUES (?)[0m  [["version", "20160108051456"]]
  [1m[35m (0.7ms)[0m  commit transaction
  [1m[36mActiveRecord::SchemaMigration Load (0.1ms)[0m  [1mSELECT "schema_migrations".* FROM "schema_migrations"[0m


Started GET "/" for ::1 at 2016-01-19 16:38:45 -0800
  [1m[36mActiveRecord::SchemaMigration Load (0.1ms)[0m  [1mSELECT "schema_migrations".* FROM "schema_migrations"[0m
Processing by TweetsController#index as HTML
  [1m[35mTweet Load (0.4ms)[0m  SELECT "tweets".* FROM "tweets" WHERE (text LIKE '%%')
  Rendered tweets/_list.html.erb (1.6ms)
  Rendered tweets/index.html.erb within layouts/application (4.0ms)
Completed 200 OK in 1305ms (Views: 1294.0ms | ActiveRecord: 0.5ms)


Started GET "/assets/user.self-e3b0c44298fc1c149afbf4c8996fb92427ae41e4649b934ca495991b7852b855.css?body=1" for ::1 at 2016-01-19 16:38:47 -0800


Started GET "/assets/tweet.self-e3b0c44298fc1c149afbf4c8996fb92427ae41e4649b934ca495991b7852b855.css?body=1" for ::1 at 2016-01-19 16:38:47 -0800


Started GET "/assets/application.self-e80e8f2318043e8af94dddc2adad5a4f09739a8ebb323b3ab31cd71d45fd9113.css?body=1" for ::1 at 2016-01-19 16:38:47 -0800


Started GET "/assets/jquery.self-a714331225dda820228db323939889f149aec0127aeb06255646b616ba1ca419.js?body=1" for ::1 at 2016-01-19 16:38:47 -0800


Started GET "/assets/jquery_ujs.self-d456baa54c1fa6be2ec3711f0a72ddf7a5b2f34a6b4f515f33767d6207b7d4b3.js?body=1" for ::1 at 2016-01-19 16:38:47 -0800


Started GET "/assets/turbolinks.self-c37727e9bd6b2735da5c311aa83fead54ed0be6cc8bd9a65309e9c5abe2cbfff.js?body=1" for ::1 at 2016-01-19 16:38:47 -0800


Started GET "/assets/hastag.self-877aef30ae1b040ab8a3aba4e3e309a11d7f2612f44dde450b5c157aa5f95c05.js?body=1" for ::1 at 2016-01-19 16:38:47 -0800


Started GET "/assets/hastag.self-e3b0c44298fc1c149afbf4c8996fb92427ae41e4649b934ca495991b7852b855.css?body=1" for ::1 at 2016-01-19 16:38:47 -0800


Started GET "/assets/tweet.self-877aef30ae1b040ab8a3aba4e3e309a11d7f2612f44dde450b5c157aa5f95c05.js?body=1" for ::1 at 2016-01-19 16:38:47 -0800


Started GET "/assets/user.self-877aef30ae1b040ab8a3aba4e3e309a11d7f2612f44dde450b5c157aa5f95c05.js?body=1" for ::1 at 2016-01-19 16:38:47 -0800


Started GET "/assets/application.self-3b8dabdc891efe46b9a144b400ad69e37d7e5876bdc39dee783419a69d7ca819.js?body=1" for ::1 at 2016-01-19 16:38:47 -0800
  [1m[36mActiveRecord::SchemaMigration Load (0.1ms)[0m  [1mSELECT "schema_migrations".* FROM "schema_migrations"[0m
  [1m[35m (0.1ms)[0m  begin transaction
  [1m[36mSQL (1.1ms)[0m  [1mINSERT INTO "users" ("name", "premium_member", "created_at", "updated_at") VALUES (?, ?, ?, ?)[0m  [["name", "jstarr"], ["premium_member", 0], ["created_at", "2016-01-20 00:41:07.090292"], ["updated_at", "2016-01-20 00:41:07.090292"]]
  [1m[35m (0.7ms)[0m  commit transaction
  [1m[36m (0.1ms)[0m  [1mbegin transaction[0m
  [1m[35mSQL (0.6ms)[0m  INSERT INTO "tweets" ("text", "created_at", "updated_at") VALUES (?, ?, ?)  [["text", "What up World"], ["created_at", "2016-01-20 00:41:07.102861"], ["updated_at", "2016-01-20 00:41:07.102861"]]
  [1m[36m (0.8ms)[0m  [1mcommit transaction[0m
  [1m[35m (0.1ms)[0m  begin transaction
  [1m[36mSQL (0.8ms)[0m  [1mINSERT INTO "hashtags" ("name", "created_at", "updated_at") VALUES (?, ?, ?)[0m  [["name", "sup"], ["created_at", "2016-01-20 00:41:07.111259"], ["updated_at", "2016-01-20 00:41:07.111259"]]
  [1m[35m (0.8ms)[0m  commit transaction
  [1m[36m (0.1ms)[0m  [1mbegin transaction[0m
  [1m[35mSQL (0.2ms)[0m  INSERT INTO "users" ("name", "premium_member", "created_at", "updated_at") VALUES (?, ?, ?, ?)  [["name", "annelies"], ["premium_member", 1], ["created_at", "2016-01-20 00:41:07.114938"], ["updated_at", "2016-01-20 00:41:07.114938"]]
  [1m[36m (0.7ms)[0m  [1mcommit transaction[0m
  [1m[35m (0.0ms)[0m  begin transaction
  [1m[36mSQL (0.2ms)[0m  [1mINSERT INTO "tweets" ("text", "created_at", "updated_at") VALUES (?, ?, ?)[0m  [["text", "go warriors"], ["created_at", "2016-01-20 00:41:07.117711"], ["updated_at", "2016-01-20 00:41:07.117711"]]
  [1m[35m (0.6ms)[0m  commit transaction
  [1m[36m (0.0ms)[0m  [1mbegin transaction[0m
  [1m[35mSQL (0.2ms)[0m  INSERT INTO "hashtags" ("name", "created_at", "updated_at") VALUES (?, ?, ?)  [["name", "chefcurry"], ["created_at", "2016-01-20 00:41:07.119700"], ["updated_at", "2016-01-20 00:41:07.119700"]]
  [1m[36m (0.7ms)[0m  [1mcommit transaction[0m
  [1m[35m (0.0ms)[0m  begin transaction
  [1m[36mSQL (0.2ms)[0m  [1mINSERT INTO "users" ("name", "premium_member", "created_at", "updated_at") VALUES (?, ?, ?, ?)[0m  [["name", "phil"], ["premium_member", 0], ["created_at", "2016-01-20 00:41:07.121722"], ["updated_at", "2016-01-20 00:41:07.121722"]]
  [1m[35m (0.6ms)[0m  commit transaction
  [1m[36m (0.0ms)[0m  [1mbegin transaction[0m
  [1m[35mSQL (0.2ms)[0m  INSERT INTO "tweets" ("text", "created_at", "updated_at") VALUES (?, ?, ?)  [["text", "tahoe is sick"], ["created_at", "2016-01-20 00:41:07.123609"], ["updated_at", "2016-01-20 00:41:07.123609"]]
  [1m[36m (0.7ms)[0m  [1mcommit transaction[0m
  [1m[35m (0.0ms)[0m  begin transaction
  [1m[36mSQL (0.5ms)[0m  [1mINSERT INTO "hashtags" ("name", "created_at", "updated_at") VALUES (?, ?, ?)[0m  [["name", "ski"], ["created_at", "2016-01-20 00:41:07.125750"], ["updated_at", "2016-01-20 00:41:07.125750"]]
  [1m[35m (0.7ms)[0m  commit transaction


Started GET "/" for ::1 at 2016-01-19 16:41:17 -0800
Processing by TweetsController#index as HTML
  [1m[36mTweet Load (0.5ms)[0m  [1mSELECT "tweets".* FROM "tweets" WHERE (text LIKE '%%')[0m
  Rendered tweets/_list.html.erb (4.3ms)
  Rendered tweets/index.html.erb within layouts/application (7.2ms)
Completed 200 OK in 37ms (Views: 33.1ms | ActiveRecord: 0.9ms)


Started GET "/users" for ::1 at 2016-01-19 16:41:21 -0800
Processing by UsersController#index as HTML
  [1m[35mUser Load (0.2ms)[0m  SELECT "users".* FROM "users"
  Rendered users/index.html.erb within layouts/application (4.5ms)
Completed 200 OK in 29ms (Views: 26.0ms | ActiveRecord: 0.4ms)


Started GET "/users/3" for ::1 at 2016-01-19 16:41:25 -0800
Processing by UsersController#show as HTML
  Parameters: {"id"=>"3"}
  [1m[36mUser Load (0.2ms)[0m  [1mSELECT  "users".* FROM "users" WHERE "users"."id" = ? LIMIT 1[0m  [["id", 3]]
  Rendered users/show.html.erb within layouts/application (0.6ms)
Completed 200 OK in 26ms (Views: 16.0ms | ActiveRecord: 0.2ms)


Started GET "/users/3/edit" for ::1 at 2016-01-19 16:41:26 -0800
Processing by UsersController#edit as HTML
  Parameters: {"id"=>"3"}
  [1m[35mUser Load (0.1ms)[0m  SELECT  "users".* FROM "users" WHERE "users"."id" = ? LIMIT 1  [["id", 3]]
  Rendered users/_form.html.erb (21.1ms)
  Rendered users/edit.html.erb within layouts/application (23.7ms)
Completed 200 OK in 47ms (Views: 46.5ms | ActiveRecord: 0.1ms)


Started GET "/" for ::1 at 2016-01-19 16:42:57 -0800
Processing by TweetsController#index as HTML
  [1m[36mTweet Load (0.7ms)[0m  [1mSELECT "tweets".* FROM "tweets" WHERE (text LIKE '%%')[0m
  Rendered tweets/_list.html.erb (5.3ms)
  Rendered tweets/index.html.erb within layouts/application (11.7ms)
Completed 200 OK in 74ms (Views: 53.7ms | ActiveRecord: 0.7ms)


Started GET "/?utf8=%E2%9C%93&q=world&commit=Search" for ::1 at 2016-01-19 16:43:02 -0800
Processing by TweetsController#index as HTML
  Parameters: {"utf8"=>"✓", "q"=>"world", "commit"=>"Search"}
  [1m[35mTweet Load (0.1ms)[0m  SELECT "tweets".* FROM "tweets" WHERE (text LIKE '%world%')
  Rendered tweets/_list.html.erb (0.5ms)
  Rendered tweets/index.html.erb within layouts/application (2.0ms)
Completed 200 OK in 69ms (Views: 67.9ms | ActiveRecord: 0.1ms)


Started GET "/users" for ::1 at 2016-01-19 16:50:03 -0800
Processing by UsersController#index as HTML
  [1m[36mUser Load (1.4ms)[0m  [1mSELECT "users".* FROM "users"[0m
  Rendered users/index.html.erb within layouts/application (6.0ms)
Completed 200 OK in 46ms (Views: 41.2ms | ActiveRecord: 1.4ms)


Started GET "/users/1" for ::1 at 2016-01-19 16:50:04 -0800
Processing by UsersController#show as HTML
  Parameters: {"id"=>"1"}
  [1m[35mUser Load (0.6ms)[0m  SELECT  "users".* FROM "users" WHERE "users"."id" = ? LIMIT 1  [["id", 1]]
  Rendered users/show.html.erb within layouts/application (1.7ms)
Completed 200 OK in 33ms (Views: 29.7ms | ActiveRecord: 0.6ms)


Started GET "/users/1/edit" for ::1 at 2016-01-19 16:50:05 -0800
Processing by UsersController#edit as HTML
  Parameters: {"id"=>"1"}
  [1m[36mUser Load (0.1ms)[0m  [1mSELECT  "users".* FROM "users" WHERE "users"."id" = ? LIMIT 1[0m  [["id", 1]]
  Rendered users/_form.html.erb (2.5ms)
  Rendered users/edit.html.erb within layouts/application (5.9ms)
Completed 200 OK in 30ms (Views: 28.8ms | ActiveRecord: 0.1ms)


Started GET "/" for ::1 at 2016-01-19 16:50:09 -0800
Processing by TweetsController#index as HTML
  [1m[35mTweet Load (0.1ms)[0m  SELECT "tweets".* FROM "tweets" WHERE (text LIKE '%%')
  Rendered tweets/_list.html.erb (0.8ms)
  Rendered tweets/index.html.erb within layouts/application (3.1ms)
Completed 200 OK in 24ms (Views: 23.4ms | ActiveRecord: 0.1ms)


Started GET "/users" for ::1 at 2016-01-19 16:50:11 -0800
Processing by UsersController#index as HTML
  [1m[36mUser Load (0.3ms)[0m  [1mSELECT "users".* FROM "users"[0m
  Rendered users/index.html.erb within layouts/application (1.6ms)
Completed 200 OK in 24ms (Views: 23.0ms | ActiveRecord: 0.3ms)


Started GET "/users/new" for ::1 at 2016-01-19 16:50:11 -0800
Processing by UsersController#new as HTML
  Rendered users/_form.html.erb (1.6ms)
  Rendered users/new.html.erb within layouts/application (3.9ms)
Completed 200 OK in 28ms (Views: 27.8ms | ActiveRecord: 0.0ms)


Started GET "/users/new" for ::1 at 2016-01-19 16:51:36 -0800
Processing by UsersController#new as HTML
  Rendered users/_form.html.erb (2.6ms)
  Rendered users/new.html.erb within layouts/application (4.8ms)
Completed 200 OK in 39ms (Views: 38.8ms | ActiveRecord: 0.0ms)


Started GET "/assets/user.self-e3b0c44298fc1c149afbf4c8996fb92427ae41e4649b934ca495991b7852b855.css?body=1" for ::1 at 2016-01-19 16:51:36 -0800


Started GET "/assets/tweet.self-e3b0c44298fc1c149afbf4c8996fb92427ae41e4649b934ca495991b7852b855.css?body=1" for ::1 at 2016-01-19 16:51:36 -0800


Started GET "/assets/application.self-e80e8f2318043e8af94dddc2adad5a4f09739a8ebb323b3ab31cd71d45fd9113.css?body=1" for ::1 at 2016-01-19 16:51:36 -0800


Started GET "/assets/jquery.self-a714331225dda820228db323939889f149aec0127aeb06255646b616ba1ca419.js?body=1" for ::1 at 2016-01-19 16:51:36 -0800


Started GET "/assets/hastag.self-e3b0c44298fc1c149afbf4c8996fb92427ae41e4649b934ca495991b7852b855.css?body=1" for ::1 at 2016-01-19 16:51:36 -0800


Started GET "/assets/jquery_ujs.self-d456baa54c1fa6be2ec3711f0a72ddf7a5b2f34a6b4f515f33767d6207b7d4b3.js?body=1" for ::1 at 2016-01-19 16:51:36 -0800


Started GET "/assets/turbolinks.self-c37727e9bd6b2735da5c311aa83fead54ed0be6cc8bd9a65309e9c5abe2cbfff.js?body=1" for ::1 at 2016-01-19 16:51:36 -0800


Started GET "/assets/hastag.self-877aef30ae1b040ab8a3aba4e3e309a11d7f2612f44dde450b5c157aa5f95c05.js?body=1" for ::1 at 2016-01-19 16:51:36 -0800


Started GET "/assets/tweet.self-877aef30ae1b040ab8a3aba4e3e309a11d7f2612f44dde450b5c157aa5f95c05.js?body=1" for ::1 at 2016-01-19 16:51:36 -0800


Started GET "/assets/user.self-877aef30ae1b040ab8a3aba4e3e309a11d7f2612f44dde450b5c157aa5f95c05.js?body=1" for ::1 at 2016-01-19 16:51:36 -0800


Started GET "/assets/application.self-3b8dabdc891efe46b9a144b400ad69e37d7e5876bdc39dee783419a69d7ca819.js?body=1" for ::1 at 2016-01-19 16:51:36 -0800


Started POST "/users" for ::1 at 2016-01-19 16:51:41 -0800
Processing by UsersController#create as HTML
  Parameters: {"utf8"=>"✓", "authenticity_token"=>"tXXk9cB0TYLZTI+MVJS9I1arsyuTCOlAbGTFeMU3byGxD5B9Ln7aSoVy+omt5sWfzX6G8etxEt+P5unrLUMviw==", "user"=>{"name"=>"", "premium_member"=>""}, "commit"=>"Create User"}
  [1m[35m (0.1ms)[0m  begin transaction
  [1m[36m (0.1ms)[0m  [1mrollback transaction[0m
  Rendered users/_form.html.erb (1.7ms)
  Rendered users/new.html.erb within layouts/application (3.8ms)
Completed 200 OK in 24ms (Views: 20.8ms | ActiveRecord: 0.2ms)


Started GET "/users/new" for ::1 at 2016-01-19 16:52:11 -0800
Processing by UsersController#new as HTML
  Rendered users/_form.html.erb (1.4ms)
  Rendered users/new.html.erb within layouts/application (3.8ms)
Completed 200 OK in 30ms (Views: 29.7ms | ActiveRecord: 0.0ms)


Started POST "/users" for ::1 at 2016-01-19 16:52:14 -0800
Processing by UsersController#create as HTML
  Parameters: {"utf8"=>"✓", "authenticity_token"=>"9APUj5f6QmNOijoa/ERgLcMZj9UYamQBAqLj1xkoMgPweaAHefDVqxK0Tx8FNhiRWMy6D2ATn57hIM9E8VxyqQ==", "user"=>{"name"=>"", "premium_member"=>""}, "commit"=>"Create User"}
  [1m[35m (0.1ms)[0m  begin transaction
  [1m[36m (0.1ms)[0m  [1mrollback transaction[0m
  Rendered users/_form.html.erb (1.8ms)
  Rendered users/new.html.erb within layouts/application (3.0ms)
Completed 200 OK in 25ms (Views: 20.1ms | ActiveRecord: 0.1ms)


Started GET "/users/new" for ::1 at 2016-01-19 16:52:29 -0800
Processing by UsersController#new as HTML
  Rendered users/_form.html.erb (1.7ms)
  Rendered users/new.html.erb within layouts/application (3.7ms)
Completed 200 OK in 22ms (Views: 21.2ms | ActiveRecord: 0.0ms)


Started POST "/users" for ::1 at 2016-01-19 16:52:31 -0800
Processing by UsersController#create as HTML
  Parameters: {"utf8"=>"✓", "authenticity_token"=>"YDWJoT4RLl7aQDayAAWiYHDe1Fh1qH6Q+QjxhKCtNf1kT/0p0Bu5loZ+Q7f5d9rc6wvhgg3RhQ8ait0XSNl1Vw==", "user"=>{"name"=>"", "premium_member"=>""}, "commit"=>"Create User"}
  [1m[35m (0.1ms)[0m  begin transaction
  [1m[36m (0.1ms)[0m  [1mrollback transaction[0m
  Rendered users/_form.html.erb (1.5ms)
  Rendered users/new.html.erb within layouts/application (3.0ms)
Completed 200 OK in 32ms (Views: 28.9ms | ActiveRecord: 0.1ms)


Started GET "/users/new" for ::1 at 2016-01-19 16:53:13 -0800
Processing by UsersController#new as HTML
  Rendered users/_form.html.erb (1.4ms)
  Rendered users/new.html.erb within layouts/application (3.2ms)
Completed 200 OK in 29ms (Views: 28.1ms | ActiveRecord: 0.0ms)


Started POST "/users" for ::1 at 2016-01-19 16:53:19 -0800
Processing by UsersController#create as HTML
  Parameters: {"utf8"=>"✓", "authenticity_token"=>"zEm94/+G7DgeHkLCr+NCwtMyjyfIAV7K2Srf6Kz+F2DIM8lrEYx78EIgN8dWkTp+SOe6/bB4pVU6qPN7RIpXyg==", "user"=>{"name"=>"", "premium_member"=>""}, "commit"=>"Create User"}
  [1m[35m (0.1ms)[0m  begin transaction
  [1m[36m (0.1ms)[0m  [1mrollback transaction[0m
  Rendered users/_form.html.erb (1.8ms)
  Rendered users/new.html.erb within layouts/application (3.2ms)
Completed 200 OK in 25ms (Views: 21.7ms | ActiveRecord: 0.1ms)
